2024-06-22-11-48-43-396 [main] INFO  api.apiTests.UserTests - environment : qa
2024-06-22-11-48-43-397 [main] INFO  api.apiTests.UserTests - userType : admin
2024-06-22-11-48-43-399 [main] INFO  listeners.ApiTestListener - Extent Reports Version 3 Test Suite started!
2024-06-22-11-48-43-399 [main] INFO  listeners.ApiTestListener - apis
2024-06-22-11-48-43-404 [main] INFO  utilities.ExtentManager - Directory already exists: /Users/minahermina/Documents/Automation/Temp/TestReport
2024-06-22-11-48-43-404 [main] INFO  utilities.ExtentManager - ExtentReport Path for MAC: /Users/minahermina/Documents/Automation/Temp/TestReport/22-06-2024

2024-06-22-11-48-43-404 [main] INFO  utilities.ExtentManager - HTML report Location  : /Users/minahermina/Documents/Automation/Temp/TestReport/22-06-2024/apis-admin User -qa-22-06-24.html
2024-06-22-11-48-43-573 [main] INFO  listeners.ApiTestListener - createUserTest started!
2024-06-22-11-48-43-579 [main] ERROR api.apiTests.UserTests - post, Create user
2024-06-22-11-48-45-057 [main] INFO  api.apiTests.UserTests -  user created
2024-06-22-11-48-45-057 [main] INFO  listeners.ApiTestListener - createUserTest passed!
2024-06-22-11-48-45-061 [main] INFO  listeners.ApiTestListener - getUserTest started!
2024-06-22-11-48-45-061 [main] INFO  api.apiTests.UserTests -  get user 
2024-06-22-11-48-45-062 [main] INFO  api.apiTests.UserTests - call  post method 
2024-06-22-11-48-45-751 [main] INFO  api.apiTests.UserTests - print log
2024-06-22-11-48-45-751 [main] INFO  api.apiTests.UserTests - Assert status code 
2024-06-22-11-48-45-752 [main] INFO  listeners.ApiTestListener - getUserTest passed!
2024-06-22-11-48-45-754 [main] INFO  listeners.ApiTestListener - updateUserTest started!
2024-06-22-11-48-45-755 [main] INFO  api.apiTests.UserTests -   put method 
2024-06-22-11-48-45-755 [main] INFO  api.apiTests.UserTests - Update data 
2024-06-22-11-48-46-446 [main] INFO  listeners.ApiTestListener - updateUserTest passed!
2024-06-22-11-48-46-448 [main] INFO  listeners.ApiTestListener - deletUserTest started!
2024-06-22-11-48-47-127 [main] INFO  listeners.ApiTestListener - deletUserTest passed!
2024-06-22-11-48-47-130 [main] INFO  listeners.ApiTestListener - Extent Reports Version 3  Test Suite is ending!
